2019-02-01 18:13:45,329|INFO   |21   |Initiating program.
2019-02-01 18:13:45,329|INFO   |25   |Loading modules and functions.
2019-02-01 18:13:45,627|INFO   |44   |Beginning code.
2019-02-01 18:13:45,641|WARNING|69   |'ejemplo_fibonacci_cache.json' was not founded.
2019-02-01 18:13:45,641|INFO   |122  |Begins iterations.
2019-02-01 18:13:48,216|DEBUG  |138  |Iteration : 1
2019-02-01 18:13:48,216|DEBUG  |138  |Iteration : 2
2019-02-01 18:13:48,216|DEBUG  |138  |Iteration : 3
2019-02-01 18:13:48,216|DEBUG  |138  |Iteration : 4
2019-02-01 18:13:48,216|DEBUG  |138  |Iteration : 5
2019-02-01 18:13:48,216|DEBUG  |138  |Iteration : 6
2019-02-01 18:13:48,216|DEBUG  |138  |Iteration : 7
2019-02-01 18:13:48,216|DEBUG  |138  |Iteration : 8
2019-02-01 18:13:48,216|DEBUG  |138  |Iteration : 9
2019-02-01 18:13:48,216|DEBUG  |138  |Iteration : 10
2019-02-01 18:13:48,216|DEBUG  |138  |Iteration : 11
2019-02-01 18:13:48,216|DEBUG  |138  |Iteration : 12
2019-02-01 18:13:48,216|DEBUG  |138  |Iteration : 13
2019-02-01 18:13:48,216|DEBUG  |138  |Iteration : 14
2019-02-01 18:13:48,216|DEBUG  |138  |Iteration : 15
2019-02-01 18:13:48,216|DEBUG  |138  |Iteration : 16
2019-02-01 18:13:48,216|DEBUG  |138  |Iteration : 17
2019-02-01 18:13:48,216|DEBUG  |138  |Iteration : 18
2019-02-01 18:13:48,216|DEBUG  |138  |Iteration : 19
2019-02-01 18:13:48,216|DEBUG  |138  |Iteration : 20
2019-02-01 18:13:48,216|DEBUG  |138  |Iteration : 21
2019-02-01 18:13:48,216|DEBUG  |138  |Iteration : 22
2019-02-01 18:13:48,216|DEBUG  |138  |Iteration : 23
2019-02-01 18:13:48,216|DEBUG  |138  |Iteration : 24
2019-02-01 18:13:48,216|DEBUG  |138  |Iteration : 25
2019-02-01 18:13:48,216|DEBUG  |138  |Iteration : 26
2019-02-01 18:13:48,216|DEBUG  |138  |Iteration : 27
2019-02-01 18:13:48,216|DEBUG  |138  |Iteration : 28
2019-02-01 18:13:48,216|DEBUG  |138  |Iteration : 29
2019-02-01 18:13:48,216|DEBUG  |138  |Iteration : 30
2019-02-01 18:13:48,216|DEBUG  |138  |Iteration : 31
2019-02-01 18:13:48,216|DEBUG  |138  |Iteration : 32
2019-02-01 18:13:48,216|DEBUG  |138  |Iteration : 33
2019-02-01 18:13:48,216|DEBUG  |138  |Iteration : 34
2019-02-01 18:13:48,216|DEBUG  |138  |Iteration : 35
2019-02-01 18:13:48,216|DEBUG  |138  |Iteration : 36
2019-02-01 18:13:48,216|DEBUG  |138  |Iteration : 37
2019-02-01 18:13:48,216|DEBUG  |138  |Iteration : 38
2019-02-01 18:13:48,230|DEBUG  |138  |Iteration : 39
2019-02-01 18:13:48,230|DEBUG  |138  |Iteration : 40
2019-02-01 18:13:48,230|DEBUG  |138  |Iteration : 41
2019-02-01 18:13:48,230|DEBUG  |138  |Iteration : 42
2019-02-01 18:13:48,230|DEBUG  |138  |Iteration : 43
2019-02-01 18:13:48,230|DEBUG  |138  |Iteration : 44
2019-02-01 18:13:48,230|DEBUG  |138  |Iteration : 45
2019-02-01 18:13:48,230|DEBUG  |138  |Iteration : 46
2019-02-01 18:13:48,230|DEBUG  |138  |Iteration : 47
2019-02-01 18:13:48,230|DEBUG  |138  |Iteration : 48
2019-02-01 18:13:48,230|DEBUG  |138  |Iteration : 49
2019-02-01 18:13:48,230|DEBUG  |138  |Iteration : 50
2019-02-01 18:13:48,230|DEBUG  |138  |Iteration : 51
2019-02-01 18:13:48,230|DEBUG  |138  |Iteration : 52
2019-02-01 18:13:48,230|DEBUG  |138  |Iteration : 53
2019-02-01 18:13:48,230|DEBUG  |138  |Iteration : 54
2019-02-01 18:13:48,230|DEBUG  |138  |Iteration : 55
2019-02-01 18:13:48,230|DEBUG  |138  |Iteration : 56
2019-02-01 18:13:48,230|DEBUG  |138  |Iteration : 57
2019-02-01 18:13:48,230|DEBUG  |138  |Iteration : 58
2019-02-01 18:13:48,230|DEBUG  |138  |Iteration : 59
2019-02-01 18:13:48,230|DEBUG  |138  |Iteration : 60
2019-02-01 18:13:48,230|DEBUG  |138  |Iteration : 61
2019-02-01 18:13:48,230|DEBUG  |138  |Iteration : 62
2019-02-01 18:13:48,230|DEBUG  |138  |Iteration : 63
2019-02-01 18:13:48,230|DEBUG  |138  |Iteration : 64
2019-02-01 18:13:48,230|DEBUG  |138  |Iteration : 65
2019-02-01 18:13:48,230|DEBUG  |138  |Iteration : 66
2019-02-01 18:13:48,230|DEBUG  |138  |Iteration : 67
2019-02-01 18:13:48,230|DEBUG  |138  |Iteration : 68
2019-02-01 18:13:48,230|DEBUG  |138  |Iteration : 69
2019-02-01 18:13:48,230|DEBUG  |138  |Iteration : 70
2019-02-01 18:13:48,230|DEBUG  |138  |Iteration : 71
2019-02-01 18:13:48,230|DEBUG  |138  |Iteration : 72
2019-02-01 18:13:48,230|DEBUG  |138  |Iteration : 73
2019-02-01 18:13:48,230|DEBUG  |138  |Iteration : 74
2019-02-01 18:13:48,230|DEBUG  |138  |Iteration : 75
2019-02-01 18:13:48,230|DEBUG  |138  |Iteration : 76
2019-02-01 18:13:48,230|DEBUG  |138  |Iteration : 77
2019-02-01 18:13:48,230|DEBUG  |138  |Iteration : 78
2019-02-01 18:13:48,230|DEBUG  |138  |Iteration : 79
2019-02-01 18:13:48,230|DEBUG  |138  |Iteration : 80
2019-02-01 18:13:48,230|DEBUG  |138  |Iteration : 81
2019-02-01 18:13:48,230|DEBUG  |138  |Iteration : 82
2019-02-01 18:13:48,230|DEBUG  |138  |Iteration : 83
2019-02-01 18:13:48,230|DEBUG  |138  |Iteration : 84
2019-02-01 18:13:48,230|DEBUG  |138  |Iteration : 85
2019-02-01 18:13:48,230|DEBUG  |138  |Iteration : 86
2019-02-01 18:13:48,230|DEBUG  |138  |Iteration : 87
2019-02-01 18:13:48,230|DEBUG  |138  |Iteration : 88
2019-02-01 18:13:48,230|DEBUG  |138  |Iteration : 89
2019-02-01 18:13:48,230|DEBUG  |138  |Iteration : 90
2019-02-01 18:13:48,230|DEBUG  |138  |Iteration : 91
2019-02-01 18:13:48,230|DEBUG  |138  |Iteration : 92
2019-02-01 18:13:48,230|DEBUG  |138  |Iteration : 93
2019-02-01 18:13:48,230|DEBUG  |138  |Iteration : 94
2019-02-01 18:13:48,230|DEBUG  |138  |Iteration : 95
2019-02-01 18:13:48,230|DEBUG  |138  |Iteration : 96
2019-02-01 18:13:48,230|DEBUG  |138  |Iteration : 97
2019-02-01 18:13:48,230|DEBUG  |138  |Iteration : 98
2019-02-01 18:13:48,230|DEBUG  |138  |Iteration : 99
2019-02-01 18:13:48,230|DEBUG  |138  |Iteration : 100
2019-02-01 18:13:48,230|DEBUG  |138  |Iteration : 101
2019-02-01 18:13:48,230|DEBUG  |138  |Iteration : 102
2019-02-01 18:13:48,230|DEBUG  |138  |Iteration : 103
2019-02-01 18:13:48,230|DEBUG  |138  |Iteration : 104
2019-02-01 18:13:48,230|DEBUG  |138  |Iteration : 105
2019-02-01 18:13:48,230|DEBUG  |138  |Iteration : 106
2019-02-01 18:13:48,230|DEBUG  |138  |Iteration : 107
2019-02-01 18:13:48,230|DEBUG  |138  |Iteration : 108
2019-02-01 18:13:48,230|DEBUG  |138  |Iteration : 109
2019-02-01 18:13:48,230|DEBUG  |138  |Iteration : 110
2019-02-01 18:13:48,230|DEBUG  |138  |Iteration : 111
2019-02-01 18:13:48,230|DEBUG  |138  |Iteration : 112
2019-02-01 18:13:48,230|DEBUG  |138  |Iteration : 113
2019-02-01 18:13:48,230|DEBUG  |138  |Iteration : 114
2019-02-01 18:13:48,230|DEBUG  |138  |Iteration : 115
2019-02-01 18:13:48,230|DEBUG  |138  |Iteration : 116
2019-02-01 18:13:48,230|DEBUG  |138  |Iteration : 117
2019-02-01 18:13:48,230|DEBUG  |138  |Iteration : 118
2019-02-01 18:13:48,230|DEBUG  |138  |Iteration : 119
2019-02-01 18:13:48,230|DEBUG  |138  |Iteration : 120
2019-02-01 18:13:48,230|DEBUG  |138  |Iteration : 121
2019-02-01 18:13:48,230|DEBUG  |138  |Iteration : 122
2019-02-01 18:13:48,230|DEBUG  |138  |Iteration : 123
2019-02-01 18:13:48,230|DEBUG  |138  |Iteration : 124
2019-02-01 18:13:48,230|DEBUG  |138  |Iteration : 125
2019-02-01 18:13:48,230|DEBUG  |138  |Iteration : 126
2019-02-01 18:13:48,230|DEBUG  |138  |Iteration : 127
2019-02-01 18:13:48,230|DEBUG  |138  |Iteration : 128
2019-02-01 18:13:48,230|DEBUG  |138  |Iteration : 129
2019-02-01 18:13:48,230|DEBUG  |138  |Iteration : 130
2019-02-01 18:13:48,230|DEBUG  |138  |Iteration : 131
2019-02-01 18:13:48,230|DEBUG  |138  |Iteration : 132
2019-02-01 18:13:48,230|DEBUG  |138  |Iteration : 133
2019-02-01 18:13:48,230|DEBUG  |138  |Iteration : 134
2019-02-01 18:13:48,230|DEBUG  |138  |Iteration : 135
2019-02-01 18:13:48,230|DEBUG  |138  |Iteration : 136
2019-02-01 18:13:48,230|DEBUG  |138  |Iteration : 137
2019-02-01 18:13:48,230|DEBUG  |138  |Iteration : 138
2019-02-01 18:13:48,230|DEBUG  |138  |Iteration : 139
2019-02-01 18:13:48,230|DEBUG  |138  |Iteration : 140
2019-02-01 18:13:48,230|DEBUG  |138  |Iteration : 141
2019-02-01 18:13:48,230|DEBUG  |138  |Iteration : 142
2019-02-01 18:13:48,230|DEBUG  |138  |Iteration : 143
2019-02-01 18:13:48,230|DEBUG  |138  |Iteration : 144
2019-02-01 18:13:48,230|DEBUG  |138  |Iteration : 145
2019-02-01 18:13:48,230|DEBUG  |138  |Iteration : 146
2019-02-01 18:13:48,230|DEBUG  |138  |Iteration : 147
2019-02-01 18:13:48,230|DEBUG  |138  |Iteration : 148
2019-02-01 18:13:48,230|DEBUG  |138  |Iteration : 149
2019-02-01 18:13:48,230|DEBUG  |138  |Iteration : 150
2019-02-01 18:13:48,230|DEBUG  |138  |Iteration : 151
2019-02-01 18:13:48,230|DEBUG  |138  |Iteration : 152
2019-02-01 18:13:48,230|DEBUG  |138  |Iteration : 153
2019-02-01 18:13:48,230|DEBUG  |138  |Iteration : 154
2019-02-01 18:13:48,230|DEBUG  |138  |Iteration : 155
2019-02-01 18:13:48,230|DEBUG  |138  |Iteration : 156
2019-02-01 18:13:48,230|DEBUG  |138  |Iteration : 157
2019-02-01 18:13:48,230|DEBUG  |138  |Iteration : 158
2019-02-01 18:13:48,230|DEBUG  |138  |Iteration : 159
2019-02-01 18:13:48,230|DEBUG  |138  |Iteration : 160
2019-02-01 18:13:48,230|DEBUG  |138  |Iteration : 161
2019-02-01 18:13:48,230|DEBUG  |138  |Iteration : 162
2019-02-01 18:13:48,230|DEBUG  |138  |Iteration : 163
2019-02-01 18:13:48,230|DEBUG  |138  |Iteration : 164
2019-02-01 18:13:48,230|DEBUG  |138  |Iteration : 165
2019-02-01 18:13:48,230|DEBUG  |138  |Iteration : 166
2019-02-01 18:13:48,230|DEBUG  |138  |Iteration : 167
2019-02-01 18:13:48,230|DEBUG  |138  |Iteration : 168
2019-02-01 18:13:48,230|DEBUG  |138  |Iteration : 169
2019-02-01 18:13:48,230|DEBUG  |138  |Iteration : 170
2019-02-01 18:13:48,230|DEBUG  |138  |Iteration : 171
2019-02-01 18:13:48,230|DEBUG  |138  |Iteration : 172
2019-02-01 18:13:48,230|DEBUG  |138  |Iteration : 173
2019-02-01 18:13:48,230|DEBUG  |138  |Iteration : 174
2019-02-01 18:13:48,230|DEBUG  |138  |Iteration : 175
2019-02-01 18:13:48,230|DEBUG  |138  |Iteration : 176
2019-02-01 18:13:48,230|DEBUG  |138  |Iteration : 177
2019-02-01 18:13:48,230|DEBUG  |138  |Iteration : 178
2019-02-01 18:13:48,230|DEBUG  |138  |Iteration : 179
2019-02-01 18:13:48,230|DEBUG  |138  |Iteration : 180
2019-02-01 18:13:48,230|DEBUG  |138  |Iteration : 181
2019-02-01 18:13:48,230|DEBUG  |138  |Iteration : 182
2019-02-01 18:13:48,230|DEBUG  |138  |Iteration : 183
2019-02-01 18:13:48,230|DEBUG  |138  |Iteration : 184
2019-02-01 18:13:48,230|DEBUG  |138  |Iteration : 185
2019-02-01 18:13:48,230|DEBUG  |138  |Iteration : 186
2019-02-01 18:13:48,230|DEBUG  |138  |Iteration : 187
2019-02-01 18:13:48,230|DEBUG  |138  |Iteration : 188
2019-02-01 18:13:48,230|DEBUG  |138  |Iteration : 189
2019-02-01 18:13:48,230|DEBUG  |138  |Iteration : 190
2019-02-01 18:13:48,230|DEBUG  |138  |Iteration : 191
2019-02-01 18:13:48,230|DEBUG  |138  |Iteration : 192
2019-02-01 18:13:48,230|DEBUG  |138  |Iteration : 193
2019-02-01 18:13:48,230|DEBUG  |138  |Iteration : 194
2019-02-01 18:13:48,230|DEBUG  |138  |Iteration : 195
2019-02-01 18:13:48,230|DEBUG  |138  |Iteration : 196
2019-02-01 18:13:48,230|DEBUG  |138  |Iteration : 197
2019-02-01 18:13:48,230|DEBUG  |138  |Iteration : 198
2019-02-01 18:13:48,230|DEBUG  |138  |Iteration : 199
2019-02-01 18:13:48,230|DEBUG  |138  |Iteration : 200
2019-02-01 18:13:48,230|DEBUG  |138  |Iteration : 201
2019-02-01 18:13:48,230|DEBUG  |138  |Iteration : 202
2019-02-01 18:13:48,230|DEBUG  |138  |Iteration : 203
2019-02-01 18:13:48,230|DEBUG  |138  |Iteration : 204
2019-02-01 18:13:48,230|DEBUG  |138  |Iteration : 205
2019-02-01 18:13:48,230|DEBUG  |138  |Iteration : 206
2019-02-01 18:13:48,230|DEBUG  |138  |Iteration : 207
2019-02-01 18:13:48,230|DEBUG  |138  |Iteration : 208
2019-02-01 18:13:48,230|DEBUG  |138  |Iteration : 209
2019-02-01 18:13:48,230|DEBUG  |138  |Iteration : 210
2019-02-01 18:13:48,230|DEBUG  |138  |Iteration : 211
2019-02-01 18:13:48,230|DEBUG  |138  |Iteration : 212
2019-02-01 18:13:48,230|DEBUG  |138  |Iteration : 213
2019-02-01 18:13:48,230|DEBUG  |138  |Iteration : 214
2019-02-01 18:13:48,230|DEBUG  |138  |Iteration : 215
2019-02-01 18:13:48,230|DEBUG  |138  |Iteration : 216
2019-02-01 18:13:48,230|DEBUG  |138  |Iteration : 217
2019-02-01 18:13:48,230|DEBUG  |138  |Iteration : 218
2019-02-01 18:13:48,230|DEBUG  |138  |Iteration : 219
2019-02-01 18:13:48,230|DEBUG  |138  |Iteration : 220
2019-02-01 18:13:48,230|DEBUG  |138  |Iteration : 221
2019-02-01 18:13:48,230|DEBUG  |138  |Iteration : 222
2019-02-01 18:13:48,230|DEBUG  |138  |Iteration : 223
2019-02-01 18:13:48,230|DEBUG  |138  |Iteration : 224
2019-02-01 18:13:48,230|DEBUG  |138  |Iteration : 225
2019-02-01 18:13:48,230|DEBUG  |138  |Iteration : 226
2019-02-01 18:13:48,230|DEBUG  |138  |Iteration : 227
2019-02-01 18:13:48,230|DEBUG  |138  |Iteration : 228
2019-02-01 18:13:48,230|DEBUG  |138  |Iteration : 229
2019-02-01 18:13:48,230|DEBUG  |138  |Iteration : 230
2019-02-01 18:13:48,230|DEBUG  |138  |Iteration : 231
2019-02-01 18:13:48,230|DEBUG  |138  |Iteration : 232
2019-02-01 18:13:48,230|DEBUG  |138  |Iteration : 233
2019-02-01 18:13:48,230|DEBUG  |138  |Iteration : 234
2019-02-01 18:13:48,230|DEBUG  |138  |Iteration : 235
2019-02-01 18:13:48,230|DEBUG  |138  |Iteration : 236
2019-02-01 18:13:48,230|DEBUG  |138  |Iteration : 237
2019-02-01 18:13:48,230|DEBUG  |138  |Iteration : 238
2019-02-01 18:13:48,230|DEBUG  |138  |Iteration : 239
2019-02-01 18:13:48,230|DEBUG  |138  |Iteration : 240
2019-02-01 18:13:48,230|DEBUG  |138  |Iteration : 241
2019-02-01 18:13:48,230|DEBUG  |138  |Iteration : 242
2019-02-01 18:13:48,230|DEBUG  |138  |Iteration : 243
2019-02-01 18:13:48,230|DEBUG  |138  |Iteration : 244
2019-02-01 18:13:48,230|DEBUG  |138  |Iteration : 245
2019-02-01 18:13:48,230|DEBUG  |138  |Iteration : 246
2019-02-01 18:13:48,230|DEBUG  |138  |Iteration : 247
2019-02-01 18:13:48,230|DEBUG  |138  |Iteration : 248
2019-02-01 18:13:48,230|DEBUG  |138  |Iteration : 249
2019-02-01 18:13:48,230|DEBUG  |138  |Iteration : 250
2019-02-01 18:13:48,230|DEBUG  |138  |Iteration : 251
2019-02-01 18:13:48,230|DEBUG  |138  |Iteration : 252
2019-02-01 18:13:48,230|DEBUG  |138  |Iteration : 253
2019-02-01 18:13:48,230|DEBUG  |138  |Iteration : 254
2019-02-01 18:13:48,230|DEBUG  |138  |Iteration : 255
2019-02-01 18:13:48,230|DEBUG  |138  |Iteration : 256
2019-02-01 18:13:48,230|DEBUG  |138  |Iteration : 257
2019-02-01 18:13:48,230|DEBUG  |138  |Iteration : 258
2019-02-01 18:13:48,230|DEBUG  |138  |Iteration : 259
2019-02-01 18:13:48,230|DEBUG  |138  |Iteration : 260
2019-02-01 18:13:48,230|DEBUG  |138  |Iteration : 261
2019-02-01 18:13:48,230|DEBUG  |138  |Iteration : 262
2019-02-01 18:13:48,230|DEBUG  |138  |Iteration : 263
2019-02-01 18:13:48,230|DEBUG  |138  |Iteration : 264
2019-02-01 18:13:48,230|DEBUG  |138  |Iteration : 265
2019-02-01 18:13:48,230|DEBUG  |138  |Iteration : 266
2019-02-01 18:13:48,230|DEBUG  |138  |Iteration : 267
2019-02-01 18:13:48,230|DEBUG  |138  |Iteration : 268
2019-02-01 18:13:48,230|DEBUG  |138  |Iteration : 269
2019-02-01 18:13:48,230|DEBUG  |138  |Iteration : 270
2019-02-01 18:13:48,230|DEBUG  |138  |Iteration : 271
2019-02-01 18:13:48,230|DEBUG  |138  |Iteration : 272
2019-02-01 18:13:48,230|DEBUG  |138  |Iteration : 273
2019-02-01 18:13:48,230|DEBUG  |138  |Iteration : 274
2019-02-01 18:13:48,230|DEBUG  |138  |Iteration : 275
2019-02-01 18:13:48,230|DEBUG  |138  |Iteration : 276
2019-02-01 18:13:48,230|DEBUG  |138  |Iteration : 277
2019-02-01 18:13:48,230|DEBUG  |138  |Iteration : 278
2019-02-01 18:13:48,230|DEBUG  |138  |Iteration : 279
2019-02-01 18:13:48,230|DEBUG  |138  |Iteration : 280
2019-02-01 18:13:48,230|DEBUG  |138  |Iteration : 281
2019-02-01 18:13:48,230|DEBUG  |138  |Iteration : 282
2019-02-01 18:13:48,230|DEBUG  |138  |Iteration : 283
2019-02-01 18:13:48,230|DEBUG  |138  |Iteration : 284
2019-02-01 18:13:48,230|DEBUG  |138  |Iteration : 285
2019-02-01 18:13:48,230|DEBUG  |138  |Iteration : 286
2019-02-01 18:13:48,230|DEBUG  |138  |Iteration : 287
2019-02-01 18:13:48,230|DEBUG  |138  |Iteration : 288
2019-02-01 18:13:48,230|DEBUG  |138  |Iteration : 289
2019-02-01 18:13:48,230|DEBUG  |138  |Iteration : 290
2019-02-01 18:13:48,230|DEBUG  |138  |Iteration : 291
2019-02-01 18:13:48,230|DEBUG  |138  |Iteration : 292
2019-02-01 18:13:48,230|DEBUG  |138  |Iteration : 293
2019-02-01 18:13:48,230|DEBUG  |138  |Iteration : 294
2019-02-01 18:13:48,230|DEBUG  |138  |Iteration : 295
2019-02-01 18:13:48,230|DEBUG  |138  |Iteration : 296
2019-02-01 18:13:48,230|DEBUG  |138  |Iteration : 297
2019-02-01 18:13:48,230|DEBUG  |138  |Iteration : 298
2019-02-01 18:13:48,230|DEBUG  |138  |Iteration : 299
2019-02-01 18:13:48,246|DEBUG  |138  |Iteration : 300
2019-02-01 18:13:48,246|DEBUG  |138  |Iteration : 301
2019-02-01 18:13:48,246|DEBUG  |138  |Iteration : 302
2019-02-01 18:13:48,246|DEBUG  |138  |Iteration : 303
2019-02-01 18:13:48,246|DEBUG  |138  |Iteration : 304
2019-02-01 18:13:48,246|DEBUG  |138  |Iteration : 305
2019-02-01 18:13:48,246|DEBUG  |138  |Iteration : 306
2019-02-01 18:13:48,246|DEBUG  |138  |Iteration : 307
2019-02-01 18:13:48,246|DEBUG  |138  |Iteration : 308
2019-02-01 18:13:48,246|DEBUG  |138  |Iteration : 309
2019-02-01 18:13:48,246|DEBUG  |138  |Iteration : 310
2019-02-01 18:13:48,246|DEBUG  |138  |Iteration : 311
2019-02-01 18:13:48,246|DEBUG  |138  |Iteration : 312
2019-02-01 18:13:48,246|DEBUG  |138  |Iteration : 313
2019-02-01 18:13:48,246|DEBUG  |138  |Iteration : 314
2019-02-01 18:13:48,246|DEBUG  |138  |Iteration : 315
2019-02-01 18:13:48,246|DEBUG  |138  |Iteration : 316
2019-02-01 18:13:48,246|DEBUG  |138  |Iteration : 317
2019-02-01 18:13:48,246|DEBUG  |138  |Iteration : 318
2019-02-01 18:13:48,246|DEBUG  |138  |Iteration : 319
2019-02-01 18:13:48,246|DEBUG  |138  |Iteration : 320
2019-02-01 18:13:48,246|DEBUG  |138  |Iteration : 321
2019-02-01 18:13:48,246|DEBUG  |138  |Iteration : 322
2019-02-01 18:13:48,246|DEBUG  |138  |Iteration : 323
2019-02-01 18:13:48,246|DEBUG  |138  |Iteration : 324
2019-02-01 18:13:48,246|DEBUG  |138  |Iteration : 325
2019-02-01 18:13:48,246|DEBUG  |138  |Iteration : 326
2019-02-01 18:13:48,246|DEBUG  |138  |Iteration : 327
2019-02-01 18:13:48,246|DEBUG  |138  |Iteration : 328
2019-02-01 18:13:48,246|DEBUG  |138  |Iteration : 329
2019-02-01 18:13:48,246|DEBUG  |138  |Iteration : 330
2019-02-01 18:13:48,246|DEBUG  |138  |Iteration : 331
2019-02-01 18:13:48,246|DEBUG  |138  |Iteration : 332
2019-02-01 18:13:48,246|DEBUG  |138  |Iteration : 333
2019-02-01 18:13:48,246|DEBUG  |138  |Iteration : 334
2019-02-01 18:13:48,246|DEBUG  |138  |Iteration : 335
2019-02-01 18:13:48,246|DEBUG  |138  |Iteration : 336
2019-02-01 18:13:48,246|DEBUG  |138  |Iteration : 337
2019-02-01 18:13:48,246|DEBUG  |138  |Iteration : 338
2019-02-01 18:13:48,246|DEBUG  |138  |Iteration : 339
2019-02-01 18:13:48,246|DEBUG  |138  |Iteration : 340
2019-02-01 18:13:48,246|DEBUG  |138  |Iteration : 341
2019-02-01 18:13:48,246|DEBUG  |138  |Iteration : 342
2019-02-01 18:13:48,246|DEBUG  |138  |Iteration : 343
2019-02-01 18:13:48,246|DEBUG  |138  |Iteration : 344
2019-02-01 18:13:48,246|DEBUG  |138  |Iteration : 345
2019-02-01 18:13:48,246|DEBUG  |138  |Iteration : 346
2019-02-01 18:13:48,246|DEBUG  |138  |Iteration : 347
2019-02-01 18:13:48,246|DEBUG  |138  |Iteration : 348
2019-02-01 18:13:48,246|DEBUG  |138  |Iteration : 349
2019-02-01 18:13:48,246|DEBUG  |138  |Iteration : 350
2019-02-01 18:13:48,246|DEBUG  |138  |Iteration : 351
2019-02-01 18:13:48,246|DEBUG  |138  |Iteration : 352
2019-02-01 18:13:48,246|DEBUG  |138  |Iteration : 353
2019-02-01 18:13:48,246|DEBUG  |138  |Iteration : 354
2019-02-01 18:13:48,246|DEBUG  |138  |Iteration : 355
2019-02-01 18:13:48,246|DEBUG  |138  |Iteration : 356
2019-02-01 18:13:48,246|DEBUG  |138  |Iteration : 357
2019-02-01 18:13:48,246|DEBUG  |138  |Iteration : 358
2019-02-01 18:13:48,246|DEBUG  |138  |Iteration : 359
2019-02-01 18:13:48,246|DEBUG  |138  |Iteration : 360
2019-02-01 18:13:48,246|DEBUG  |138  |Iteration : 361
2019-02-01 18:13:48,246|DEBUG  |138  |Iteration : 362
2019-02-01 18:13:48,246|DEBUG  |138  |Iteration : 363
2019-02-01 18:13:48,246|DEBUG  |138  |Iteration : 364
2019-02-01 18:13:48,246|DEBUG  |138  |Iteration : 365
2019-02-01 18:13:48,246|DEBUG  |138  |Iteration : 366
2019-02-01 18:13:48,246|DEBUG  |138  |Iteration : 367
2019-02-01 18:13:48,246|DEBUG  |138  |Iteration : 368
2019-02-01 18:13:48,246|DEBUG  |138  |Iteration : 369
2019-02-01 18:13:48,246|DEBUG  |138  |Iteration : 370
2019-02-01 18:13:48,246|DEBUG  |138  |Iteration : 371
2019-02-01 18:13:48,246|DEBUG  |138  |Iteration : 372
2019-02-01 18:13:48,246|DEBUG  |138  |Iteration : 373
2019-02-01 18:13:48,246|DEBUG  |138  |Iteration : 374
2019-02-01 18:13:48,246|DEBUG  |138  |Iteration : 375
2019-02-01 18:13:48,246|DEBUG  |138  |Iteration : 376
2019-02-01 18:13:48,246|DEBUG  |138  |Iteration : 377
2019-02-01 18:13:48,246|DEBUG  |138  |Iteration : 378
2019-02-01 18:13:48,246|DEBUG  |138  |Iteration : 379
2019-02-01 18:13:48,246|DEBUG  |138  |Iteration : 380
2019-02-01 18:13:48,246|DEBUG  |138  |Iteration : 381
2019-02-01 18:13:48,246|DEBUG  |138  |Iteration : 382
2019-02-01 18:13:48,246|DEBUG  |138  |Iteration : 383
2019-02-01 18:13:48,246|DEBUG  |138  |Iteration : 384
2019-02-01 18:13:48,246|DEBUG  |138  |Iteration : 385
2019-02-01 18:13:48,246|DEBUG  |138  |Iteration : 386
2019-02-01 18:13:48,246|DEBUG  |138  |Iteration : 387
2019-02-01 18:13:48,246|DEBUG  |138  |Iteration : 388
2019-02-01 18:13:48,246|DEBUG  |138  |Iteration : 389
2019-02-01 18:13:48,246|DEBUG  |138  |Iteration : 390
2019-02-01 18:13:48,246|DEBUG  |138  |Iteration : 391
2019-02-01 18:13:48,246|DEBUG  |138  |Iteration : 392
2019-02-01 18:13:48,246|DEBUG  |138  |Iteration : 393
2019-02-01 18:13:48,246|DEBUG  |138  |Iteration : 394
2019-02-01 18:13:48,246|DEBUG  |138  |Iteration : 395
2019-02-01 18:13:48,246|DEBUG  |138  |Iteration : 396
2019-02-01 18:13:48,246|DEBUG  |138  |Iteration : 397
2019-02-01 18:13:48,246|DEBUG  |138  |Iteration : 398
2019-02-01 18:13:48,246|DEBUG  |138  |Iteration : 399
2019-02-01 18:13:48,246|DEBUG  |138  |Iteration : 400
2019-02-01 18:13:48,246|DEBUG  |138  |Iteration : 401
2019-02-01 18:13:48,246|DEBUG  |138  |Iteration : 402
2019-02-01 18:13:48,246|DEBUG  |138  |Iteration : 403
2019-02-01 18:13:48,246|DEBUG  |138  |Iteration : 404
2019-02-01 18:13:48,246|DEBUG  |138  |Iteration : 405
2019-02-01 18:13:48,246|DEBUG  |138  |Iteration : 406
2019-02-01 18:13:48,246|DEBUG  |138  |Iteration : 407
2019-02-01 18:13:48,246|DEBUG  |138  |Iteration : 408
2019-02-01 18:13:48,246|DEBUG  |138  |Iteration : 409
2019-02-01 18:13:48,246|DEBUG  |138  |Iteration : 410
2019-02-01 18:13:48,246|DEBUG  |138  |Iteration : 411
2019-02-01 18:13:48,246|DEBUG  |138  |Iteration : 412
2019-02-01 18:13:48,246|DEBUG  |138  |Iteration : 413
2019-02-01 18:13:48,246|DEBUG  |138  |Iteration : 414
2019-02-01 18:13:48,246|DEBUG  |138  |Iteration : 415
2019-02-01 18:13:48,246|DEBUG  |138  |Iteration : 416
2019-02-01 18:13:48,246|DEBUG  |138  |Iteration : 417
2019-02-01 18:13:48,246|DEBUG  |138  |Iteration : 418
2019-02-01 18:13:48,246|DEBUG  |138  |Iteration : 419
2019-02-01 18:13:48,246|DEBUG  |138  |Iteration : 420
2019-02-01 18:13:48,246|DEBUG  |138  |Iteration : 421
2019-02-01 18:13:48,246|DEBUG  |138  |Iteration : 422
2019-02-01 18:13:48,246|DEBUG  |138  |Iteration : 423
2019-02-01 18:13:48,246|DEBUG  |138  |Iteration : 424
2019-02-01 18:13:48,246|DEBUG  |138  |Iteration : 425
2019-02-01 18:13:48,246|DEBUG  |138  |Iteration : 426
2019-02-01 18:13:48,246|DEBUG  |138  |Iteration : 427
2019-02-01 18:13:48,246|DEBUG  |138  |Iteration : 428
2019-02-01 18:13:48,246|DEBUG  |138  |Iteration : 429
2019-02-01 18:13:48,246|DEBUG  |138  |Iteration : 430
2019-02-01 18:13:48,246|DEBUG  |138  |Iteration : 431
2019-02-01 18:13:48,246|DEBUG  |138  |Iteration : 432
2019-02-01 18:13:48,246|DEBUG  |138  |Iteration : 433
2019-02-01 18:13:48,246|DEBUG  |138  |Iteration : 434
2019-02-01 18:13:48,246|DEBUG  |138  |Iteration : 435
2019-02-01 18:13:48,246|DEBUG  |138  |Iteration : 436
2019-02-01 18:13:48,246|DEBUG  |138  |Iteration : 437
2019-02-01 18:13:48,246|DEBUG  |138  |Iteration : 438
2019-02-01 18:13:48,246|DEBUG  |138  |Iteration : 439
2019-02-01 18:13:48,246|DEBUG  |138  |Iteration : 440
2019-02-01 18:13:48,246|DEBUG  |138  |Iteration : 441
2019-02-01 18:13:48,246|DEBUG  |138  |Iteration : 442
2019-02-01 18:13:48,246|DEBUG  |138  |Iteration : 443
2019-02-01 18:13:48,246|DEBUG  |138  |Iteration : 444
2019-02-01 18:13:48,246|DEBUG  |138  |Iteration : 445
2019-02-01 18:13:48,246|DEBUG  |138  |Iteration : 446
2019-02-01 18:13:48,246|DEBUG  |138  |Iteration : 447
2019-02-01 18:13:48,246|DEBUG  |138  |Iteration : 448
2019-02-01 18:13:48,246|DEBUG  |138  |Iteration : 449
2019-02-01 18:13:48,246|DEBUG  |138  |Iteration : 450
2019-02-01 18:13:48,246|DEBUG  |138  |Iteration : 451
2019-02-01 18:13:48,246|DEBUG  |138  |Iteration : 452
2019-02-01 18:13:48,246|DEBUG  |138  |Iteration : 453
2019-02-01 18:13:48,246|DEBUG  |138  |Iteration : 454
2019-02-01 18:13:48,246|DEBUG  |138  |Iteration : 455
2019-02-01 18:13:48,246|DEBUG  |138  |Iteration : 456
2019-02-01 18:13:48,246|DEBUG  |138  |Iteration : 457
2019-02-01 18:13:48,246|DEBUG  |138  |Iteration : 458
2019-02-01 18:13:48,246|DEBUG  |138  |Iteration : 459
2019-02-01 18:13:48,246|DEBUG  |138  |Iteration : 460
2019-02-01 18:13:48,246|DEBUG  |138  |Iteration : 461
2019-02-01 18:13:48,246|DEBUG  |138  |Iteration : 462
2019-02-01 18:13:48,246|DEBUG  |138  |Iteration : 463
2019-02-01 18:13:48,246|DEBUG  |138  |Iteration : 464
2019-02-01 18:13:48,246|DEBUG  |138  |Iteration : 465
2019-02-01 18:13:48,246|DEBUG  |138  |Iteration : 466
2019-02-01 18:13:48,246|DEBUG  |138  |Iteration : 467
2019-02-01 18:13:48,246|DEBUG  |138  |Iteration : 468
2019-02-01 18:13:48,246|DEBUG  |138  |Iteration : 469
2019-02-01 18:13:48,246|DEBUG  |138  |Iteration : 470
2019-02-01 18:13:48,246|DEBUG  |138  |Iteration : 471
2019-02-01 18:13:48,246|DEBUG  |138  |Iteration : 472
2019-02-01 18:13:48,246|DEBUG  |138  |Iteration : 473
2019-02-01 18:13:48,246|DEBUG  |138  |Iteration : 474
2019-02-01 18:13:48,246|DEBUG  |138  |Iteration : 475
2019-02-01 18:13:48,246|DEBUG  |138  |Iteration : 476
2019-02-01 18:13:48,246|DEBUG  |138  |Iteration : 477
2019-02-01 18:13:48,246|DEBUG  |138  |Iteration : 478
2019-02-01 18:13:48,246|DEBUG  |138  |Iteration : 479
2019-02-01 18:13:48,246|DEBUG  |138  |Iteration : 480
2019-02-01 18:13:48,246|DEBUG  |138  |Iteration : 481
2019-02-01 18:13:48,246|DEBUG  |138  |Iteration : 482
2019-02-01 18:13:48,246|DEBUG  |138  |Iteration : 483
2019-02-01 18:13:48,246|DEBUG  |138  |Iteration : 484
2019-02-01 18:13:48,246|DEBUG  |138  |Iteration : 485
2019-02-01 18:13:48,246|DEBUG  |138  |Iteration : 486
2019-02-01 18:13:48,246|DEBUG  |138  |Iteration : 487
2019-02-01 18:13:48,246|DEBUG  |138  |Iteration : 488
2019-02-01 18:13:48,246|DEBUG  |138  |Iteration : 489
2019-02-01 18:13:48,246|DEBUG  |138  |Iteration : 490
2019-02-01 18:13:48,246|DEBUG  |138  |Iteration : 491
2019-02-01 18:13:48,246|DEBUG  |138  |Iteration : 492
2019-02-01 18:13:48,246|DEBUG  |138  |Iteration : 493
2019-02-01 18:13:48,246|DEBUG  |138  |Iteration : 494
2019-02-01 18:13:48,246|DEBUG  |138  |Iteration : 495
2019-02-01 18:13:48,246|DEBUG  |138  |Iteration : 496
2019-02-01 18:13:48,246|DEBUG  |138  |Iteration : 497
2019-02-01 18:13:48,246|DEBUG  |138  |Iteration : 498
2019-02-01 18:13:48,246|DEBUG  |138  |Iteration : 499
2019-02-01 18:13:48,246|DEBUG  |138  |Iteration : 500
2019-02-01 18:13:48,246|DEBUG  |138  |Iteration : 501
2019-02-01 18:13:48,246|DEBUG  |138  |Iteration : 502
2019-02-01 18:13:48,246|DEBUG  |138  |Iteration : 503
2019-02-01 18:13:48,246|DEBUG  |138  |Iteration : 504
2019-02-01 18:13:48,246|DEBUG  |138  |Iteration : 505
2019-02-01 18:13:48,246|DEBUG  |138  |Iteration : 506
2019-02-01 18:13:48,246|DEBUG  |138  |Iteration : 507
2019-02-01 18:13:48,246|DEBUG  |138  |Iteration : 508
2019-02-01 18:13:48,246|DEBUG  |138  |Iteration : 509
2019-02-01 18:13:48,246|DEBUG  |138  |Iteration : 510
2019-02-01 18:13:48,246|DEBUG  |138  |Iteration : 511
2019-02-01 18:13:48,246|DEBUG  |138  |Iteration : 512
2019-02-01 18:13:48,246|DEBUG  |138  |Iteration : 513
2019-02-01 18:13:48,246|DEBUG  |138  |Iteration : 514
2019-02-01 18:13:48,246|DEBUG  |138  |Iteration : 515
2019-02-01 18:13:48,246|DEBUG  |138  |Iteration : 516
2019-02-01 18:13:48,246|DEBUG  |138  |Iteration : 517
2019-02-01 18:13:48,246|DEBUG  |138  |Iteration : 518
2019-02-01 18:13:48,246|DEBUG  |138  |Iteration : 519
2019-02-01 18:13:48,246|DEBUG  |138  |Iteration : 520
2019-02-01 18:13:48,246|DEBUG  |138  |Iteration : 521
2019-02-01 18:13:48,246|DEBUG  |138  |Iteration : 522
2019-02-01 18:13:48,246|DEBUG  |138  |Iteration : 523
2019-02-01 18:13:48,246|DEBUG  |138  |Iteration : 524
2019-02-01 18:13:48,246|DEBUG  |138  |Iteration : 525
2019-02-01 18:13:48,246|DEBUG  |138  |Iteration : 526
2019-02-01 18:13:48,246|DEBUG  |138  |Iteration : 527
2019-02-01 18:13:48,246|DEBUG  |138  |Iteration : 528
2019-02-01 18:13:48,246|DEBUG  |138  |Iteration : 529
2019-02-01 18:13:48,246|DEBUG  |138  |Iteration : 530
2019-02-01 18:13:48,246|DEBUG  |138  |Iteration : 531
2019-02-01 18:13:48,246|DEBUG  |138  |Iteration : 532
2019-02-01 18:13:48,246|DEBUG  |138  |Iteration : 533
2019-02-01 18:13:48,246|DEBUG  |138  |Iteration : 534
2019-02-01 18:13:48,246|DEBUG  |138  |Iteration : 535
2019-02-01 18:13:48,246|DEBUG  |138  |Iteration : 536
2019-02-01 18:13:48,246|DEBUG  |138  |Iteration : 537
2019-02-01 18:13:48,246|DEBUG  |138  |Iteration : 538
2019-02-01 18:13:48,246|DEBUG  |138  |Iteration : 539
2019-02-01 18:13:48,246|DEBUG  |138  |Iteration : 540
2019-02-01 18:13:48,246|DEBUG  |138  |Iteration : 541
2019-02-01 18:13:48,246|DEBUG  |138  |Iteration : 542
2019-02-01 18:13:48,246|DEBUG  |138  |Iteration : 543
2019-02-01 18:13:48,246|DEBUG  |138  |Iteration : 544
2019-02-01 18:13:48,246|DEBUG  |138  |Iteration : 545
2019-02-01 18:13:48,246|DEBUG  |138  |Iteration : 546
2019-02-01 18:13:48,246|DEBUG  |138  |Iteration : 547
2019-02-01 18:13:48,246|DEBUG  |138  |Iteration : 548
2019-02-01 18:13:48,246|DEBUG  |138  |Iteration : 549
2019-02-01 18:13:48,246|DEBUG  |138  |Iteration : 550
2019-02-01 18:13:48,246|DEBUG  |138  |Iteration : 551
2019-02-01 18:13:48,246|DEBUG  |138  |Iteration : 552
2019-02-01 18:13:48,246|DEBUG  |138  |Iteration : 553
2019-02-01 18:13:48,246|DEBUG  |138  |Iteration : 554
2019-02-01 18:13:48,246|DEBUG  |138  |Iteration : 555
2019-02-01 18:13:48,246|DEBUG  |138  |Iteration : 556
2019-02-01 18:13:48,246|DEBUG  |138  |Iteration : 557
2019-02-01 18:13:48,246|DEBUG  |138  |Iteration : 558
2019-02-01 18:13:48,246|DEBUG  |138  |Iteration : 559
2019-02-01 18:13:48,246|DEBUG  |138  |Iteration : 560
2019-02-01 18:13:48,246|DEBUG  |138  |Iteration : 561
2019-02-01 18:13:48,246|DEBUG  |138  |Iteration : 562
2019-02-01 18:13:48,246|DEBUG  |138  |Iteration : 563
2019-02-01 18:13:48,246|DEBUG  |138  |Iteration : 564
2019-02-01 18:13:48,263|DEBUG  |138  |Iteration : 565
2019-02-01 18:13:48,263|DEBUG  |138  |Iteration : 566
2019-02-01 18:13:48,263|DEBUG  |138  |Iteration : 567
2019-02-01 18:13:48,263|DEBUG  |138  |Iteration : 568
2019-02-01 18:13:48,263|DEBUG  |138  |Iteration : 569
2019-02-01 18:13:48,263|DEBUG  |138  |Iteration : 570
2019-02-01 18:13:48,263|DEBUG  |138  |Iteration : 571
2019-02-01 18:13:48,263|DEBUG  |138  |Iteration : 572
2019-02-01 18:13:48,263|DEBUG  |138  |Iteration : 573
2019-02-01 18:13:48,263|DEBUG  |138  |Iteration : 574
2019-02-01 18:13:48,263|DEBUG  |138  |Iteration : 575
2019-02-01 18:13:48,263|DEBUG  |138  |Iteration : 576
2019-02-01 18:13:48,263|DEBUG  |138  |Iteration : 577
2019-02-01 18:13:48,263|DEBUG  |138  |Iteration : 578
2019-02-01 18:13:48,263|DEBUG  |138  |Iteration : 579
2019-02-01 18:13:48,263|DEBUG  |138  |Iteration : 580
2019-02-01 18:13:48,263|DEBUG  |138  |Iteration : 581
2019-02-01 18:13:48,263|DEBUG  |138  |Iteration : 582
2019-02-01 18:13:48,263|DEBUG  |138  |Iteration : 583
2019-02-01 18:13:48,263|DEBUG  |138  |Iteration : 584
2019-02-01 18:13:48,263|DEBUG  |138  |Iteration : 585
2019-02-01 18:13:48,263|DEBUG  |138  |Iteration : 586
2019-02-01 18:13:48,263|DEBUG  |138  |Iteration : 587
2019-02-01 18:13:48,263|DEBUG  |138  |Iteration : 588
2019-02-01 18:13:48,263|DEBUG  |138  |Iteration : 589
2019-02-01 18:13:48,263|DEBUG  |138  |Iteration : 590
2019-02-01 18:13:48,263|DEBUG  |138  |Iteration : 591
2019-02-01 18:13:48,263|DEBUG  |138  |Iteration : 592
2019-02-01 18:13:48,263|DEBUG  |138  |Iteration : 593
2019-02-01 18:13:48,263|DEBUG  |138  |Iteration : 594
2019-02-01 18:13:48,263|DEBUG  |138  |Iteration : 595
2019-02-01 18:13:48,263|DEBUG  |138  |Iteration : 596
2019-02-01 18:13:48,263|DEBUG  |138  |Iteration : 597
2019-02-01 18:13:48,263|DEBUG  |138  |Iteration : 598
2019-02-01 18:13:48,263|DEBUG  |138  |Iteration : 599
2019-02-01 18:13:48,263|DEBUG  |138  |Iteration : 600
2019-02-01 18:13:48,263|DEBUG  |138  |Iteration : 601
2019-02-01 18:13:48,263|DEBUG  |138  |Iteration : 602
2019-02-01 18:13:48,263|DEBUG  |138  |Iteration : 603
2019-02-01 18:13:48,263|DEBUG  |138  |Iteration : 604
2019-02-01 18:13:48,263|DEBUG  |138  |Iteration : 605
2019-02-01 18:13:48,263|DEBUG  |138  |Iteration : 606
2019-02-01 18:13:48,263|DEBUG  |138  |Iteration : 607
2019-02-01 18:13:48,263|DEBUG  |138  |Iteration : 608
2019-02-01 18:13:48,263|DEBUG  |138  |Iteration : 609
2019-02-01 18:13:48,263|DEBUG  |138  |Iteration : 610
2019-02-01 18:13:48,263|DEBUG  |138  |Iteration : 611
2019-02-01 18:13:48,263|DEBUG  |138  |Iteration : 612
2019-02-01 18:13:48,263|DEBUG  |138  |Iteration : 613
2019-02-01 18:13:48,263|DEBUG  |138  |Iteration : 614
2019-02-01 18:13:48,263|DEBUG  |138  |Iteration : 615
2019-02-01 18:13:48,263|DEBUG  |138  |Iteration : 616
2019-02-01 18:13:48,263|DEBUG  |138  |Iteration : 617
2019-02-01 18:13:48,263|DEBUG  |138  |Iteration : 618
2019-02-01 18:13:48,263|DEBUG  |138  |Iteration : 619
2019-02-01 18:13:48,263|DEBUG  |138  |Iteration : 620
2019-02-01 18:13:48,263|DEBUG  |138  |Iteration : 621
2019-02-01 18:13:48,263|DEBUG  |138  |Iteration : 622
2019-02-01 18:13:48,263|DEBUG  |138  |Iteration : 623
2019-02-01 18:13:48,263|DEBUG  |138  |Iteration : 624
2019-02-01 18:13:48,263|DEBUG  |138  |Iteration : 625
2019-02-01 18:13:48,263|DEBUG  |138  |Iteration : 626
2019-02-01 18:13:48,263|DEBUG  |138  |Iteration : 627
2019-02-01 18:13:48,263|DEBUG  |138  |Iteration : 628
2019-02-01 18:13:48,263|DEBUG  |138  |Iteration : 629
2019-02-01 18:13:48,263|DEBUG  |138  |Iteration : 630
2019-02-01 18:13:48,263|DEBUG  |138  |Iteration : 631
2019-02-01 18:13:48,263|DEBUG  |138  |Iteration : 632
2019-02-01 18:13:48,263|DEBUG  |138  |Iteration : 633
2019-02-01 18:13:48,263|DEBUG  |138  |Iteration : 634
2019-02-01 18:13:48,263|DEBUG  |138  |Iteration : 635
2019-02-01 18:13:48,263|DEBUG  |138  |Iteration : 636
2019-02-01 18:13:48,263|DEBUG  |138  |Iteration : 637
2019-02-01 18:13:48,263|DEBUG  |138  |Iteration : 638
2019-02-01 18:13:48,263|DEBUG  |138  |Iteration : 639
2019-02-01 18:13:48,263|DEBUG  |138  |Iteration : 640
2019-02-01 18:13:48,263|DEBUG  |138  |Iteration : 641
2019-02-01 18:13:48,263|DEBUG  |138  |Iteration : 642
2019-02-01 18:13:48,263|DEBUG  |138  |Iteration : 643
2019-02-01 18:13:48,263|DEBUG  |138  |Iteration : 644
2019-02-01 18:13:48,263|DEBUG  |138  |Iteration : 645
2019-02-01 18:13:48,263|DEBUG  |138  |Iteration : 646
2019-02-01 18:13:48,263|DEBUG  |138  |Iteration : 647
2019-02-01 18:13:48,263|DEBUG  |138  |Iteration : 648
2019-02-01 18:13:48,263|DEBUG  |138  |Iteration : 649
2019-02-01 18:13:48,263|DEBUG  |138  |Iteration : 650
2019-02-01 18:13:48,263|DEBUG  |138  |Iteration : 651
2019-02-01 18:13:48,263|DEBUG  |138  |Iteration : 652
2019-02-01 18:13:48,263|DEBUG  |138  |Iteration : 653
2019-02-01 18:13:48,263|DEBUG  |138  |Iteration : 654
2019-02-01 18:13:48,263|DEBUG  |138  |Iteration : 655
2019-02-01 18:13:48,263|DEBUG  |138  |Iteration : 656
2019-02-01 18:13:48,263|DEBUG  |138  |Iteration : 657
2019-02-01 18:13:48,263|DEBUG  |138  |Iteration : 658
2019-02-01 18:13:48,263|DEBUG  |138  |Iteration : 659
2019-02-01 18:13:48,263|DEBUG  |138  |Iteration : 660
2019-02-01 18:13:48,263|DEBUG  |138  |Iteration : 661
2019-02-01 18:13:48,263|DEBUG  |138  |Iteration : 662
2019-02-01 18:13:48,263|DEBUG  |138  |Iteration : 663
2019-02-01 18:13:48,263|DEBUG  |138  |Iteration : 664
2019-02-01 18:13:48,263|DEBUG  |138  |Iteration : 665
2019-02-01 18:13:48,263|DEBUG  |138  |Iteration : 666
2019-02-01 18:13:48,263|DEBUG  |138  |Iteration : 667
2019-02-01 18:13:48,263|DEBUG  |138  |Iteration : 668
2019-02-01 18:13:48,263|DEBUG  |138  |Iteration : 669
2019-02-01 18:13:48,263|DEBUG  |138  |Iteration : 670
2019-02-01 18:13:48,263|DEBUG  |138  |Iteration : 671
2019-02-01 18:13:48,263|DEBUG  |138  |Iteration : 672
2019-02-01 18:13:48,263|DEBUG  |138  |Iteration : 673
2019-02-01 18:13:48,263|DEBUG  |138  |Iteration : 674
2019-02-01 18:13:48,263|DEBUG  |138  |Iteration : 675
2019-02-01 18:13:48,263|DEBUG  |138  |Iteration : 676
2019-02-01 18:13:48,263|DEBUG  |138  |Iteration : 677
2019-02-01 18:13:48,263|DEBUG  |138  |Iteration : 678
2019-02-01 18:13:48,263|DEBUG  |138  |Iteration : 679
2019-02-01 18:13:48,263|DEBUG  |138  |Iteration : 680
2019-02-01 18:13:48,263|DEBUG  |138  |Iteration : 681
2019-02-01 18:13:48,263|DEBUG  |138  |Iteration : 682
2019-02-01 18:13:48,263|DEBUG  |138  |Iteration : 683
2019-02-01 18:13:48,263|DEBUG  |138  |Iteration : 684
2019-02-01 18:13:48,263|DEBUG  |138  |Iteration : 685
2019-02-01 18:13:48,263|DEBUG  |138  |Iteration : 686
2019-02-01 18:13:48,263|DEBUG  |138  |Iteration : 687
2019-02-01 18:13:48,263|DEBUG  |138  |Iteration : 688
2019-02-01 18:13:48,263|DEBUG  |138  |Iteration : 689
2019-02-01 18:13:48,263|DEBUG  |138  |Iteration : 690
2019-02-01 18:13:48,263|DEBUG  |138  |Iteration : 691
2019-02-01 18:13:48,263|DEBUG  |138  |Iteration : 692
2019-02-01 18:13:48,263|DEBUG  |138  |Iteration : 693
2019-02-01 18:13:48,263|DEBUG  |138  |Iteration : 694
2019-02-01 18:13:48,263|DEBUG  |138  |Iteration : 695
2019-02-01 18:13:48,263|DEBUG  |138  |Iteration : 696
2019-02-01 18:13:48,263|DEBUG  |138  |Iteration : 697
2019-02-01 18:13:48,263|DEBUG  |138  |Iteration : 698
2019-02-01 18:13:48,263|DEBUG  |138  |Iteration : 699
2019-02-01 18:13:48,263|DEBUG  |138  |Iteration : 700
2019-02-01 18:13:48,263|DEBUG  |138  |Iteration : 701
2019-02-01 18:13:48,263|DEBUG  |138  |Iteration : 702
2019-02-01 18:13:48,263|DEBUG  |138  |Iteration : 703
2019-02-01 18:13:48,263|DEBUG  |138  |Iteration : 704
2019-02-01 18:13:48,263|DEBUG  |138  |Iteration : 705
2019-02-01 18:13:48,263|DEBUG  |138  |Iteration : 706
2019-02-01 18:13:48,263|DEBUG  |138  |Iteration : 707
2019-02-01 18:13:48,263|DEBUG  |138  |Iteration : 708
2019-02-01 18:13:48,263|DEBUG  |138  |Iteration : 709
2019-02-01 18:13:48,263|DEBUG  |138  |Iteration : 710
2019-02-01 18:13:48,263|DEBUG  |138  |Iteration : 711
2019-02-01 18:13:48,263|DEBUG  |138  |Iteration : 712
2019-02-01 18:13:48,263|DEBUG  |138  |Iteration : 713
2019-02-01 18:13:48,263|DEBUG  |138  |Iteration : 714
2019-02-01 18:13:48,263|DEBUG  |138  |Iteration : 715
2019-02-01 18:13:48,263|DEBUG  |138  |Iteration : 716
2019-02-01 18:13:48,263|DEBUG  |138  |Iteration : 717
2019-02-01 18:13:48,263|DEBUG  |138  |Iteration : 718
2019-02-01 18:13:48,263|DEBUG  |138  |Iteration : 719
2019-02-01 18:13:48,263|DEBUG  |138  |Iteration : 720
2019-02-01 18:13:48,263|DEBUG  |138  |Iteration : 721
2019-02-01 18:13:48,263|DEBUG  |138  |Iteration : 722
2019-02-01 18:13:48,263|DEBUG  |138  |Iteration : 723
2019-02-01 18:13:48,263|DEBUG  |138  |Iteration : 724
2019-02-01 18:13:48,263|DEBUG  |138  |Iteration : 725
2019-02-01 18:13:48,263|DEBUG  |138  |Iteration : 726
2019-02-01 18:13:48,263|DEBUG  |138  |Iteration : 727
2019-02-01 18:13:48,263|DEBUG  |138  |Iteration : 728
2019-02-01 18:13:48,263|DEBUG  |138  |Iteration : 729
2019-02-01 18:13:48,263|DEBUG  |138  |Iteration : 730
2019-02-01 18:13:48,263|DEBUG  |138  |Iteration : 731
2019-02-01 18:13:48,263|DEBUG  |138  |Iteration : 732
2019-02-01 18:13:48,263|DEBUG  |138  |Iteration : 733
2019-02-01 18:13:48,263|DEBUG  |138  |Iteration : 734
2019-02-01 18:13:48,263|DEBUG  |138  |Iteration : 735
2019-02-01 18:13:48,263|DEBUG  |138  |Iteration : 736
2019-02-01 18:13:48,263|DEBUG  |138  |Iteration : 737
2019-02-01 18:13:48,263|DEBUG  |138  |Iteration : 738
2019-02-01 18:13:48,263|DEBUG  |138  |Iteration : 739
2019-02-01 18:13:48,263|DEBUG  |138  |Iteration : 740
2019-02-01 18:13:48,263|DEBUG  |138  |Iteration : 741
2019-02-01 18:13:48,263|DEBUG  |138  |Iteration : 742
2019-02-01 18:13:48,263|DEBUG  |138  |Iteration : 743
2019-02-01 18:13:48,263|DEBUG  |138  |Iteration : 744
2019-02-01 18:13:48,263|DEBUG  |138  |Iteration : 745
2019-02-01 18:13:48,263|DEBUG  |138  |Iteration : 746
2019-02-01 18:13:48,263|DEBUG  |138  |Iteration : 747
2019-02-01 18:13:48,263|DEBUG  |138  |Iteration : 748
2019-02-01 18:13:48,263|DEBUG  |138  |Iteration : 749
2019-02-01 18:13:48,263|DEBUG  |138  |Iteration : 750
2019-02-01 18:13:48,263|DEBUG  |138  |Iteration : 751
2019-02-01 18:13:48,263|DEBUG  |138  |Iteration : 752
2019-02-01 18:13:48,263|DEBUG  |138  |Iteration : 753
2019-02-01 18:13:48,263|DEBUG  |138  |Iteration : 754
2019-02-01 18:13:48,263|DEBUG  |138  |Iteration : 755
2019-02-01 18:13:48,263|DEBUG  |138  |Iteration : 756
2019-02-01 18:13:48,263|DEBUG  |138  |Iteration : 757
2019-02-01 18:13:48,263|DEBUG  |138  |Iteration : 758
2019-02-01 18:13:48,263|DEBUG  |138  |Iteration : 759
2019-02-01 18:13:48,263|DEBUG  |138  |Iteration : 760
2019-02-01 18:13:48,263|DEBUG  |138  |Iteration : 761
2019-02-01 18:13:48,263|DEBUG  |138  |Iteration : 762
2019-02-01 18:13:48,263|DEBUG  |138  |Iteration : 763
2019-02-01 18:13:48,263|DEBUG  |138  |Iteration : 764
2019-02-01 18:13:48,263|DEBUG  |138  |Iteration : 765
2019-02-01 18:13:48,263|DEBUG  |138  |Iteration : 766
2019-02-01 18:13:48,263|DEBUG  |138  |Iteration : 767
2019-02-01 18:13:48,263|DEBUG  |138  |Iteration : 768
2019-02-01 18:13:48,263|DEBUG  |138  |Iteration : 769
2019-02-01 18:13:48,263|DEBUG  |138  |Iteration : 770
2019-02-01 18:13:48,263|DEBUG  |138  |Iteration : 771
2019-02-01 18:13:48,263|DEBUG  |138  |Iteration : 772
2019-02-01 18:13:48,263|DEBUG  |138  |Iteration : 773
2019-02-01 18:13:48,263|DEBUG  |138  |Iteration : 774
2019-02-01 18:13:48,263|DEBUG  |138  |Iteration : 775
2019-02-01 18:13:48,263|DEBUG  |138  |Iteration : 776
2019-02-01 18:13:48,263|DEBUG  |138  |Iteration : 777
2019-02-01 18:13:48,263|DEBUG  |138  |Iteration : 778
2019-02-01 18:13:48,263|DEBUG  |138  |Iteration : 779
2019-02-01 18:13:48,263|DEBUG  |138  |Iteration : 780
2019-02-01 18:13:48,263|DEBUG  |138  |Iteration : 781
2019-02-01 18:13:48,263|DEBUG  |138  |Iteration : 782
2019-02-01 18:13:48,263|DEBUG  |138  |Iteration : 783
2019-02-01 18:13:48,263|DEBUG  |138  |Iteration : 784
2019-02-01 18:13:48,263|DEBUG  |138  |Iteration : 785
2019-02-01 18:13:48,263|DEBUG  |138  |Iteration : 786
2019-02-01 18:13:48,263|DEBUG  |138  |Iteration : 787
2019-02-01 18:13:48,263|DEBUG  |138  |Iteration : 788
2019-02-01 18:13:48,263|DEBUG  |138  |Iteration : 789
2019-02-01 18:13:48,263|DEBUG  |138  |Iteration : 790
2019-02-01 18:13:48,263|DEBUG  |138  |Iteration : 791
2019-02-01 18:13:48,263|DEBUG  |138  |Iteration : 792
2019-02-01 18:13:48,263|DEBUG  |138  |Iteration : 793
2019-02-01 18:13:48,263|DEBUG  |138  |Iteration : 794
2019-02-01 18:13:48,263|DEBUG  |138  |Iteration : 795
2019-02-01 18:13:48,263|DEBUG  |138  |Iteration : 796
2019-02-01 18:13:48,263|DEBUG  |138  |Iteration : 797
2019-02-01 18:13:48,263|DEBUG  |138  |Iteration : 798
2019-02-01 18:13:48,263|DEBUG  |138  |Iteration : 799
2019-02-01 18:13:48,263|DEBUG  |138  |Iteration : 800
2019-02-01 18:13:48,263|DEBUG  |138  |Iteration : 801
2019-02-01 18:13:48,263|DEBUG  |138  |Iteration : 802
2019-02-01 18:13:48,263|DEBUG  |138  |Iteration : 803
2019-02-01 18:13:48,263|DEBUG  |138  |Iteration : 804
2019-02-01 18:13:48,263|DEBUG  |138  |Iteration : 805
2019-02-01 18:13:48,263|DEBUG  |138  |Iteration : 806
2019-02-01 18:13:48,263|DEBUG  |138  |Iteration : 807
2019-02-01 18:13:48,263|DEBUG  |138  |Iteration : 808
2019-02-01 18:13:48,263|DEBUG  |138  |Iteration : 809
2019-02-01 18:13:48,263|DEBUG  |138  |Iteration : 810
2019-02-01 18:13:48,263|DEBUG  |138  |Iteration : 811
2019-02-01 18:13:48,263|DEBUG  |138  |Iteration : 812
2019-02-01 18:13:48,263|DEBUG  |138  |Iteration : 813
2019-02-01 18:13:48,263|DEBUG  |138  |Iteration : 814
2019-02-01 18:13:48,263|DEBUG  |138  |Iteration : 815
2019-02-01 18:13:48,263|DEBUG  |138  |Iteration : 816
2019-02-01 18:13:48,263|DEBUG  |138  |Iteration : 817
2019-02-01 18:13:48,263|DEBUG  |138  |Iteration : 818
2019-02-01 18:13:48,263|DEBUG  |138  |Iteration : 819
2019-02-01 18:13:48,263|DEBUG  |138  |Iteration : 820
2019-02-01 18:13:48,263|DEBUG  |138  |Iteration : 821
2019-02-01 18:13:48,263|DEBUG  |138  |Iteration : 822
2019-02-01 18:13:48,263|DEBUG  |138  |Iteration : 823
2019-02-01 18:13:48,263|DEBUG  |138  |Iteration : 824
2019-02-01 18:13:48,263|DEBUG  |138  |Iteration : 825
2019-02-01 18:13:48,263|DEBUG  |138  |Iteration : 826
2019-02-01 18:13:48,263|DEBUG  |138  |Iteration : 827
2019-02-01 18:13:48,263|DEBUG  |138  |Iteration : 828
2019-02-01 18:13:48,263|DEBUG  |138  |Iteration : 829
2019-02-01 18:13:48,263|DEBUG  |138  |Iteration : 830
2019-02-01 18:13:48,263|DEBUG  |138  |Iteration : 831
2019-02-01 18:13:48,263|DEBUG  |138  |Iteration : 832
2019-02-01 18:13:48,278|DEBUG  |138  |Iteration : 833
2019-02-01 18:13:48,278|DEBUG  |138  |Iteration : 834
2019-02-01 18:13:48,278|DEBUG  |138  |Iteration : 835
2019-02-01 18:13:48,278|DEBUG  |138  |Iteration : 836
2019-02-01 18:13:48,278|DEBUG  |138  |Iteration : 837
2019-02-01 18:13:48,278|DEBUG  |138  |Iteration : 838
2019-02-01 18:13:48,278|DEBUG  |138  |Iteration : 839
2019-02-01 18:13:48,278|DEBUG  |138  |Iteration : 840
2019-02-01 18:13:48,278|DEBUG  |138  |Iteration : 841
2019-02-01 18:13:48,278|DEBUG  |138  |Iteration : 842
2019-02-01 18:13:48,278|DEBUG  |138  |Iteration : 843
2019-02-01 18:13:48,278|DEBUG  |138  |Iteration : 844
2019-02-01 18:13:48,278|DEBUG  |138  |Iteration : 845
2019-02-01 18:13:48,278|DEBUG  |138  |Iteration : 846
2019-02-01 18:13:48,278|DEBUG  |138  |Iteration : 847
2019-02-01 18:13:48,278|DEBUG  |138  |Iteration : 848
2019-02-01 18:13:48,278|DEBUG  |138  |Iteration : 849
2019-02-01 18:13:48,278|DEBUG  |138  |Iteration : 850
2019-02-01 18:13:48,278|DEBUG  |138  |Iteration : 851
2019-02-01 18:13:48,278|DEBUG  |138  |Iteration : 852
2019-02-01 18:13:48,278|DEBUG  |138  |Iteration : 853
2019-02-01 18:13:48,278|DEBUG  |138  |Iteration : 854
2019-02-01 18:13:48,278|DEBUG  |138  |Iteration : 855
2019-02-01 18:13:48,278|DEBUG  |138  |Iteration : 856
2019-02-01 18:13:48,278|DEBUG  |138  |Iteration : 857
2019-02-01 18:13:48,278|DEBUG  |138  |Iteration : 858
2019-02-01 18:13:48,278|DEBUG  |138  |Iteration : 859
2019-02-01 18:13:48,278|DEBUG  |138  |Iteration : 860
2019-02-01 18:13:48,278|DEBUG  |138  |Iteration : 861
2019-02-01 18:13:48,278|DEBUG  |138  |Iteration : 862
2019-02-01 18:13:48,278|DEBUG  |138  |Iteration : 863
2019-02-01 18:13:48,278|DEBUG  |138  |Iteration : 864
2019-02-01 18:13:48,278|DEBUG  |138  |Iteration : 865
2019-02-01 18:13:48,278|DEBUG  |138  |Iteration : 866
2019-02-01 18:13:48,278|DEBUG  |138  |Iteration : 867
2019-02-01 18:13:48,278|DEBUG  |138  |Iteration : 868
2019-02-01 18:13:48,278|DEBUG  |138  |Iteration : 869
2019-02-01 18:13:48,278|DEBUG  |138  |Iteration : 870
2019-02-01 18:13:48,278|DEBUG  |138  |Iteration : 871
2019-02-01 18:13:48,278|DEBUG  |138  |Iteration : 872
2019-02-01 18:13:48,278|DEBUG  |138  |Iteration : 873
2019-02-01 18:13:48,278|DEBUG  |138  |Iteration : 874
2019-02-01 18:13:48,278|DEBUG  |138  |Iteration : 875
2019-02-01 18:13:48,278|DEBUG  |138  |Iteration : 876
2019-02-01 18:13:48,278|DEBUG  |138  |Iteration : 877
2019-02-01 18:13:48,278|DEBUG  |138  |Iteration : 878
2019-02-01 18:13:48,278|DEBUG  |138  |Iteration : 879
2019-02-01 18:13:48,278|DEBUG  |138  |Iteration : 880
2019-02-01 18:13:48,278|DEBUG  |138  |Iteration : 881
2019-02-01 18:13:48,278|DEBUG  |138  |Iteration : 882
2019-02-01 18:13:48,278|DEBUG  |138  |Iteration : 883
2019-02-01 18:13:48,278|DEBUG  |138  |Iteration : 884
2019-02-01 18:13:48,278|DEBUG  |138  |Iteration : 885
2019-02-01 18:13:48,278|DEBUG  |138  |Iteration : 886
2019-02-01 18:13:48,278|DEBUG  |138  |Iteration : 887
2019-02-01 18:13:48,278|DEBUG  |138  |Iteration : 888
2019-02-01 18:13:48,278|DEBUG  |138  |Iteration : 889
2019-02-01 18:13:48,278|DEBUG  |138  |Iteration : 890
2019-02-01 18:13:48,278|DEBUG  |138  |Iteration : 891
2019-02-01 18:13:48,278|DEBUG  |138  |Iteration : 892
2019-02-01 18:13:48,278|DEBUG  |138  |Iteration : 893
2019-02-01 18:13:48,278|DEBUG  |138  |Iteration : 894
2019-02-01 18:13:48,278|DEBUG  |138  |Iteration : 895
2019-02-01 18:13:48,278|DEBUG  |138  |Iteration : 896
2019-02-01 18:13:48,278|DEBUG  |138  |Iteration : 897
2019-02-01 18:13:48,278|DEBUG  |138  |Iteration : 898
2019-02-01 18:13:48,278|DEBUG  |138  |Iteration : 899
2019-02-01 18:13:48,278|DEBUG  |138  |Iteration : 900
2019-02-01 18:13:48,278|DEBUG  |138  |Iteration : 901
2019-02-01 18:13:48,278|DEBUG  |138  |Iteration : 902
2019-02-01 18:13:48,278|DEBUG  |138  |Iteration : 903
2019-02-01 18:13:48,278|DEBUG  |138  |Iteration : 904
2019-02-01 18:13:48,278|DEBUG  |138  |Iteration : 905
2019-02-01 18:13:48,278|DEBUG  |138  |Iteration : 906
2019-02-01 18:13:48,278|DEBUG  |138  |Iteration : 907
2019-02-01 18:13:48,278|DEBUG  |138  |Iteration : 908
2019-02-01 18:13:48,278|DEBUG  |138  |Iteration : 909
2019-02-01 18:13:48,278|DEBUG  |138  |Iteration : 910
2019-02-01 18:13:48,278|DEBUG  |138  |Iteration : 911
2019-02-01 18:13:48,278|DEBUG  |138  |Iteration : 912
2019-02-01 18:13:48,278|DEBUG  |138  |Iteration : 913
2019-02-01 18:13:48,278|DEBUG  |138  |Iteration : 914
2019-02-01 18:13:48,278|DEBUG  |138  |Iteration : 915
2019-02-01 18:13:48,278|DEBUG  |138  |Iteration : 916
2019-02-01 18:13:48,278|DEBUG  |138  |Iteration : 917
2019-02-01 18:13:48,278|DEBUG  |138  |Iteration : 918
2019-02-01 18:13:48,278|DEBUG  |138  |Iteration : 919
2019-02-01 18:13:48,278|DEBUG  |138  |Iteration : 920
2019-02-01 18:13:48,278|DEBUG  |138  |Iteration : 921
2019-02-01 18:13:48,278|DEBUG  |138  |Iteration : 922
2019-02-01 18:13:48,278|DEBUG  |138  |Iteration : 923
2019-02-01 18:13:48,278|DEBUG  |138  |Iteration : 924
2019-02-01 18:13:48,278|DEBUG  |138  |Iteration : 925
2019-02-01 18:13:48,278|DEBUG  |138  |Iteration : 926
2019-02-01 18:13:48,278|DEBUG  |138  |Iteration : 927
2019-02-01 18:13:48,278|DEBUG  |138  |Iteration : 928
2019-02-01 18:13:48,278|DEBUG  |138  |Iteration : 929
2019-02-01 18:13:48,278|DEBUG  |138  |Iteration : 930
2019-02-01 18:13:48,278|DEBUG  |138  |Iteration : 931
2019-02-01 18:13:48,278|DEBUG  |138  |Iteration : 932
2019-02-01 18:13:48,278|DEBUG  |138  |Iteration : 933
2019-02-01 18:13:48,278|DEBUG  |138  |Iteration : 934
2019-02-01 18:13:48,278|DEBUG  |138  |Iteration : 935
2019-02-01 18:13:48,278|DEBUG  |138  |Iteration : 936
2019-02-01 18:13:48,278|DEBUG  |138  |Iteration : 937
2019-02-01 18:13:48,278|DEBUG  |138  |Iteration : 938
2019-02-01 18:13:48,278|DEBUG  |138  |Iteration : 939
2019-02-01 18:13:48,278|DEBUG  |138  |Iteration : 940
2019-02-01 18:13:48,278|DEBUG  |138  |Iteration : 941
2019-02-01 18:13:48,278|DEBUG  |138  |Iteration : 942
2019-02-01 18:13:48,278|DEBUG  |138  |Iteration : 943
2019-02-01 18:13:48,278|DEBUG  |138  |Iteration : 944
2019-02-01 18:13:48,278|DEBUG  |138  |Iteration : 945
2019-02-01 18:13:48,278|DEBUG  |138  |Iteration : 946
2019-02-01 18:13:48,278|DEBUG  |138  |Iteration : 947
2019-02-01 18:13:48,278|DEBUG  |138  |Iteration : 948
2019-02-01 18:13:48,278|DEBUG  |138  |Iteration : 949
2019-02-01 18:13:48,278|DEBUG  |138  |Iteration : 950
2019-02-01 18:13:48,278|DEBUG  |138  |Iteration : 951
2019-02-01 18:13:48,278|DEBUG  |138  |Iteration : 952
2019-02-01 18:13:48,278|DEBUG  |138  |Iteration : 953
2019-02-01 18:13:48,278|DEBUG  |138  |Iteration : 954
2019-02-01 18:13:48,278|DEBUG  |138  |Iteration : 955
2019-02-01 18:13:48,278|DEBUG  |138  |Iteration : 956
2019-02-01 18:13:48,278|DEBUG  |138  |Iteration : 957
2019-02-01 18:13:48,278|DEBUG  |138  |Iteration : 958
2019-02-01 18:13:48,278|DEBUG  |138  |Iteration : 959
2019-02-01 18:13:48,278|DEBUG  |138  |Iteration : 960
2019-02-01 18:13:48,278|DEBUG  |138  |Iteration : 961
2019-02-01 18:13:48,278|DEBUG  |138  |Iteration : 962
2019-02-01 18:13:48,278|DEBUG  |138  |Iteration : 963
2019-02-01 18:13:48,278|DEBUG  |138  |Iteration : 964
2019-02-01 18:13:48,278|DEBUG  |138  |Iteration : 965
2019-02-01 18:13:48,278|DEBUG  |138  |Iteration : 966
2019-02-01 18:13:48,278|DEBUG  |138  |Iteration : 967
2019-02-01 18:13:48,278|DEBUG  |138  |Iteration : 968
2019-02-01 18:13:48,278|DEBUG  |138  |Iteration : 969
2019-02-01 18:13:48,278|DEBUG  |138  |Iteration : 970
2019-02-01 18:13:48,278|DEBUG  |138  |Iteration : 971
2019-02-01 18:13:48,278|DEBUG  |138  |Iteration : 972
2019-02-01 18:13:48,278|DEBUG  |138  |Iteration : 973
2019-02-01 18:13:48,278|DEBUG  |138  |Iteration : 974
2019-02-01 18:13:48,278|DEBUG  |138  |Iteration : 975
2019-02-01 18:13:48,278|DEBUG  |138  |Iteration : 976
2019-02-01 18:13:48,278|DEBUG  |138  |Iteration : 977
2019-02-01 18:13:48,278|DEBUG  |138  |Iteration : 978
2019-02-01 18:13:48,278|DEBUG  |138  |Iteration : 979
2019-02-01 18:13:48,278|DEBUG  |138  |Iteration : 980
2019-02-01 18:13:48,278|DEBUG  |138  |Iteration : 981
2019-02-01 18:13:48,278|DEBUG  |138  |Iteration : 982
2019-02-01 18:13:48,278|DEBUG  |138  |Iteration : 983
2019-02-01 18:13:48,278|DEBUG  |138  |Iteration : 984
2019-02-01 18:13:48,278|DEBUG  |138  |Iteration : 985
2019-02-01 18:13:48,278|DEBUG  |138  |Iteration : 986
2019-02-01 18:13:48,278|DEBUG  |138  |Iteration : 987
2019-02-01 18:13:48,278|DEBUG  |138  |Iteration : 988
2019-02-01 18:13:48,278|DEBUG  |138  |Iteration : 989
2019-02-01 18:13:48,278|DEBUG  |138  |Iteration : 990
2019-02-01 18:13:48,278|DEBUG  |138  |Iteration : 991
2019-02-01 18:13:48,278|DEBUG  |138  |Iteration : 992
2019-02-01 18:13:48,278|DEBUG  |138  |Iteration : 993
2019-02-01 18:13:48,278|DEBUG  |138  |Iteration : 994
2019-02-01 18:13:48,278|DEBUG  |138  |Iteration : 995
2019-02-01 18:13:48,278|DEBUG  |138  |Iteration : 996
2019-02-01 18:13:48,278|DEBUG  |138  |Iteration : 997
2019-02-01 18:13:48,278|DEBUG  |138  |Iteration : 998
2019-02-01 18:13:48,278|DEBUG  |138  |Iteration : 999
2019-02-01 18:13:48,278|DEBUG  |138  |Iteration : 1000
2019-02-01 18:13:48,293|INFO   |151  |Asking user if he wants show fib_cache in json format.
2019-02-01 18:13:50,055|INFO   |158  |Saving 'fib_cache.json'
2019-02-01 18:13:50,055|INFO   |168  |Endding code.
2019-02-01 18:13:50,055|INFO   |170  |Code finished correctly in 4.42899990082 seconds.
